<?xml version="1.0" encoding="UTF-8"?>
<testng-results skipped="0" failed="0" ignored="0" total="1" passed="1">
  <reporter-output>
  </reporter-output>
  <suite name="Default suite" duration-ms="70303" started-at="2020-04-16T08:19:36Z" finished-at="2020-04-16T08:20:47Z">
    <groups>
    </groups>
    <test name="Default test" duration-ms="70303" started-at="2020-04-16T08:19:36Z" finished-at="2020-04-16T08:20:47Z">
      <class name="com.testcase.Testcase">
        <test-method status="PASS" signature="startup()[pri:0, instance:com.testcase.Testcase@18be83e4]" name="startup" is-config="true" duration-ms="20928" started-at="2020-04-16T13:49:36Z" finished-at="2020-04-16T13:49:57Z">
          <reporter-output>
          </reporter-output>
        </test-method> <!-- startup -->
        <test-method status="PASS" signature="Search()[pri:0, instance:com.testcase.Testcase@18be83e4]" name="Search" duration-ms="41715" started-at="2020-04-16T13:49:57Z" finished-at="2020-04-16T13:50:39Z">
          <reporter-output>
          </reporter-output>
        </test-method> <!-- Search -->
        <test-method status="PASS" signature="close()[pri:0, instance:com.testcase.Testcase@18be83e4]" name="close" is-config="true" duration-ms="7572" started-at="2020-04-16T13:50:39Z" finished-at="2020-04-16T13:50:47Z">
          <reporter-output>
          </reporter-output>
        </test-method> <!-- close -->
      </class> <!-- com.testcase.Testcase -->
    </test> <!-- Default test -->
  </suite> <!-- Default suite -->
</testng-results>
